Protein: noname
Length:  265
N-terminus: OUT 
Number of transmembrane helices: 6
Transmembrane helices: 22-38 42-58 63-84 104-129 133-149 154-184 194-226 244-264 

Total entropy of the model:  17.0091
Entropy of the best path:  17.0117

The best path:

     seq  MIKDITIGQY IPGNSFVHKL DPRVKIIISL IYIIDLFIVN NFKGYIFIVL    50
     pred OOOOOOOOOO Oooooooooo ooooooHHHH HHHHHHHHHH HHHHHHHHHH 

     seq  FTLAAILISQ IKFKYIYKGL KPILILVIIT AVLNLFLTPG DTLLFKWKFI   100
     pred Hiiiiiiiii iiiiiiiiii iHHHHHHHHH HHHHHHHHoo oooooooooo 

     seq  TIYKEGVRLA IFMVLRLVFL IIGTSLLTLT TSPIELTDGI EKLLNPLRKI   150
     pred ooooooooHH HHHHHHHHHH HHHHHHHHHH Hiiiiiiiii iiiiiiiiiH 

     seq  GVPAHELAMM MTIALRFIPT LMDETDKIMK AQMARGADFE SGNLIQRAKN   200
     pred HHHHHHHHHH HHHHHHHHHH HHoooooooo oooooooooo ooHHHHHHHH 

     seq  LIPLLVPLFI SSFRRADELA MAMEARCYRG GEGRTRMKEL SFSSRDFIAI   250
     pred HHHHHHHHHH HHHiiiiiii iiiiiiiiII Iiiiiiiiii iiiiiiHHHH 

     seq  AFTSILVILS IWSRM  265
     pred HHHHHHHHHH HHHoo
